0 info it worked if it ends with ok
1 verbose cli [ '/Users/Ethan-Fairweather/.nvm/versions/node/v7.6.0/bin/node',
1 verbose cli   '/Users/Ethan-Fairweather/.nvm/versions/node/v7.6.0/bin/npm',
1 verbose cli   'install',
1 verbose cli   '--save',
1 verbose cli   'postgres' ]
2 info using npm@4.1.2
3 info using node@v7.6.0
4 silly loadCurrentTree Starting
5 silly install loadCurrentTree
6 silly install readLocalPackageData
7 silly fetchPackageMetaData postgres
8 silly fetchNamedPackageData postgres
9 silly mapToRegistry name postgres
10 silly mapToRegistry using default registry
11 silly mapToRegistry registry https://registry.npmjs.org/
12 silly mapToRegistry data Result {
12 silly mapToRegistry   raw: 'postgres',
12 silly mapToRegistry   scope: null,
12 silly mapToRegistry   escapedName: 'postgres',
12 silly mapToRegistry   name: 'postgres',
12 silly mapToRegistry   rawSpec: '',
12 silly mapToRegistry   spec: 'latest',
12 silly mapToRegistry   type: 'tag' }
13 silly mapToRegistry uri https://registry.npmjs.org/postgres
14 verbose request uri https://registry.npmjs.org/postgres
15 verbose request no auth needed
16 info attempt registry request try #1 at 5:31:50 PM
17 verbose request id 39c153646a61adc6
18 http request GET https://registry.npmjs.org/postgres
19 http 200 https://registry.npmjs.org/postgres
20 verbose headers { server: 'nginx/1.10.1',
20 verbose headers   'content-type': 'application/json',
20 verbose headers   'last-modified': 'Tue, 29 Sep 2009 17:21:33 GMT',
20 verbose headers   etag: 'W/"4ac2421d-304"',
20 verbose headers   'content-encoding': 'gzip',
20 verbose headers   'cache-control': 'max-age=300',
20 verbose headers   'content-length': '417',
20 verbose headers   'accept-ranges': 'bytes',
20 verbose headers   date: 'Thu, 20 Apr 2017 21:31:51 GMT',
20 verbose headers   via: '1.1 varnish',
20 verbose headers   age: '0',
20 verbose headers   connection: 'keep-alive',
20 verbose headers   'x-served-by': 'cache-iad2625-IAD',
20 verbose headers   'x-cache': 'MISS',
20 verbose headers   'x-cache-hits': '0',
20 verbose headers   'x-timer': 'S1492723912.882171,VS0,VE8',
20 verbose headers   vary: 'Accept-Encoding' }
21 silly get cb [ 200,
21 silly get   { server: 'nginx/1.10.1',
21 silly get     'content-type': 'application/json',
21 silly get     'last-modified': 'Tue, 29 Sep 2009 17:21:33 GMT',
21 silly get     etag: 'W/"4ac2421d-304"',
21 silly get     'content-encoding': 'gzip',
21 silly get     'cache-control': 'max-age=300',
21 silly get     'content-length': '417',
21 silly get     'accept-ranges': 'bytes',
21 silly get     date: 'Thu, 20 Apr 2017 21:31:51 GMT',
21 silly get     via: '1.1 varnish',
21 silly get     age: '0',
21 silly get     connection: 'keep-alive',
21 silly get     'x-served-by': 'cache-iad2625-IAD',
21 silly get     'x-cache': 'MISS',
21 silly get     'x-cache-hits': '0',
21 silly get     'x-timer': 'S1492723912.882171,VS0,VE8',
21 silly get     vary: 'Accept-Encoding' } ]
22 verbose get saving postgres to /Users/Ethan-Fairweather/.npm/registry.npmjs.org/postgres/.cache.json
23 verbose correctMkdir /Users/Ethan-Fairweather/.npm correctMkdir not in flight; initializing
24 silly install normalizeTree
25 silly loadCurrentTree Finishing
26 silly loadIdealTree Starting
27 silly install loadIdealTree
28 silly cloneCurrentTree Starting
29 silly install cloneCurrentTreeToIdealTree
30 silly cloneCurrentTree Finishing
31 silly loadShrinkwrap Starting
32 silly install loadShrinkwrap
33 silly loadShrinkwrap Finishing
34 silly loadAllDepsIntoIdealTree Starting
35 silly install loadAllDepsIntoIdealTree
36 silly resolveWithNewModule postgres@0.0.1 checking installable status
37 silly cache add args [ 'postgres', null ]
38 verbose cache add spec postgres
39 silly cache add parsed spec Result {
39 silly cache add   raw: 'postgres',
39 silly cache add   scope: null,
39 silly cache add   escapedName: 'postgres',
39 silly cache add   name: 'postgres',
39 silly cache add   rawSpec: '',
39 silly cache add   spec: 'latest',
39 silly cache add   type: 'tag' }
40 silly addNamed postgres@latest
41 verbose addNamed "latest" is being treated as a dist-tag for postgres
42 info addNameTag [ 'postgres', 'latest' ]
43 silly mapToRegistry name postgres
44 silly mapToRegistry using default registry
45 silly mapToRegistry registry https://registry.npmjs.org/
46 silly mapToRegistry data Result {
46 silly mapToRegistry   raw: 'postgres',
46 silly mapToRegistry   scope: null,
46 silly mapToRegistry   escapedName: 'postgres',
46 silly mapToRegistry   name: 'postgres',
46 silly mapToRegistry   rawSpec: '',
46 silly mapToRegistry   spec: 'latest',
46 silly mapToRegistry   type: 'tag' }
47 silly mapToRegistry uri https://registry.npmjs.org/postgres
48 verbose addNameTag registry:https://registry.npmjs.org/postgres not in flight; fetching
49 verbose get https://registry.npmjs.org/postgres not expired, no request
50 silly addNameTag next cb for postgres with tag latest
51 silly addNamed postgres@0.0.1
52 verbose addNamed "0.0.1" is a plain semver version for postgres
53 silly mapToRegistry name postgres
54 silly mapToRegistry using default registry
55 silly mapToRegistry registry https://registry.npmjs.org/
56 silly mapToRegistry data Result {
56 silly mapToRegistry   raw: 'postgres',
56 silly mapToRegistry   scope: null,
56 silly mapToRegistry   escapedName: 'postgres',
56 silly mapToRegistry   name: 'postgres',
56 silly mapToRegistry   rawSpec: '',
56 silly mapToRegistry   spec: 'latest',
56 silly mapToRegistry   type: 'tag' }
57 silly mapToRegistry uri https://registry.npmjs.org/postgres
58 verbose addRemoteTarball https://registry.npmjs.org/postgres/-/postgres-0.0.1.tgz not in flight; adding
59 verbose addRemoteTarball [ 'https://registry.npmjs.org/postgres/-/postgres-0.0.1.tgz',
59 verbose addRemoteTarball   '93aecd0a7fcf620792bcc2c87a2ead432adaa833' ]
60 info retry fetch attempt 1 at 5:31:50 PM
61 info attempt registry request try #1 at 5:31:50 PM
62 http fetch GET https://registry.npmjs.org/postgres/-/postgres-0.0.1.tgz
63 http fetch 200 https://registry.npmjs.org/postgres/-/postgres-0.0.1.tgz
64 silly fetchAndShaCheck shasum 93aecd0a7fcf620792bcc2c87a2ead432adaa833
65 verbose addTmpTarball /var/folders/yt/jbvwbt9s287gnrn_4sxy4n_r0000gn/T/npm-41075-df96921e/registry.npmjs.org/postgres/-/postgres-0.0.1.tgz not in flight; adding
66 verbose addTmpTarball already have metadata; skipping unpack for postgres@0.0.1
67 verbose correctMkdir /Users/Ethan-Fairweather/.npm correctMkdir not in flight; initializing
68 silly cache afterAdd postgres@0.0.1
69 verbose afterAdd /Users/Ethan-Fairweather/.npm/postgres/0.0.1/package/package.json not in flight; writing
70 verbose correctMkdir /Users/Ethan-Fairweather/.npm correctMkdir not in flight; initializing
71 verbose afterAdd /Users/Ethan-Fairweather/.npm/postgres/0.0.1/package/package.json written
72 silly loadAllDepsIntoIdealTree Finishing
73 silly loadIdealTree Finishing
74 silly currentTree ethan@1.0.0
74 silly currentTree ├── abbrev@1.1.0
74 silly currentTree ├── accepts@1.3.3
74 silly currentTree ├── amdefine@1.0.1
74 silly currentTree ├── ansi-regex@2.1.1
74 silly currentTree ├── ansi-styles@2.2.1
74 silly currentTree ├── anymatch@1.3.0
74 silly currentTree ├── arr-diff@2.0.0
74 silly currentTree ├── arr-flatten@1.0.3
74 silly currentTree ├── array-flatten@1.1.1
74 silly currentTree ├── array-unique@0.2.1
74 silly currentTree ├── arrify@1.0.1
74 silly currentTree ├── async-each@1.0.1
74 silly currentTree ├── async@0.2.10
74 silly currentTree ├── balanced-match@0.4.2
74 silly currentTree ├── binary-extensions@1.8.0
74 silly currentTree ├── bluebird@3.5.0
74 silly currentTree ├── brace-expansion@1.1.7
74 silly currentTree ├── braces@1.8.5
74 silly currentTree ├── buffer-shims@1.0.0
74 silly currentTree ├── camelcase@1.2.1
74 silly currentTree ├── chalk@1.1.3
74 silly currentTree ├── chokidar@1.6.1
74 silly currentTree ├── concat-map@0.0.1
74 silly currentTree ├── configstore@1.4.0
74 silly currentTree ├── content-disposition@0.5.2
74 silly currentTree ├── content-type@1.0.2
74 silly currentTree ├── cookie-signature@1.0.6
74 silly currentTree ├── cookie@0.3.1
74 silly currentTree ├── core-util-is@1.0.2
74 silly currentTree ├── cross-env@3.2.4
74 silly currentTree ├── cross-spawn@5.1.0
74 silly currentTree ├── debug@2.6.1
74 silly currentTree ├── decamelize@1.2.0
74 silly currentTree ├── deep-extend@0.4.1
74 silly currentTree ├── depd@1.1.0
74 silly currentTree ├── destroy@1.0.4
74 silly currentTree ├── dottie@1.1.1
74 silly currentTree ├── duplexer@0.1.1
74 silly currentTree ├── duplexify@3.5.0
74 silly currentTree ├── ee-first@1.1.1
74 silly currentTree ├── encodeurl@1.0.1
74 silly currentTree ├── end-of-stream@1.0.0
74 silly currentTree ├── es6-promise@3.3.1
74 silly currentTree ├── escape-html@1.0.3
74 silly currentTree ├── escape-string-regexp@1.0.5
74 silly currentTree ├── etag@1.8.0
74 silly currentTree ├── event-stream@3.3.4
74 silly currentTree ├── expand-brackets@0.1.5
74 silly currentTree ├── expand-range@1.8.2
74 silly currentTree ├── express@4.15.2
74 silly currentTree ├── extglob@0.3.2
74 silly currentTree ├── filename-regex@2.0.0
74 silly currentTree ├── fill-range@2.2.3
74 silly currentTree ├─┬ finalhandler@1.0.1
74 silly currentTree │ └── debug@2.6.3
74 silly currentTree ├── for-in@1.0.2
74 silly currentTree ├── for-own@0.1.5
74 silly currentTree ├── forwarded@0.1.0
74 silly currentTree ├── fresh@0.5.0
74 silly currentTree ├── from@0.1.7
74 silly currentTree ├─┬ fsevents@1.1.1
74 silly currentTree │ ├── abbrev@1.1.0
74 silly currentTree │ ├── ansi-regex@2.1.1
74 silly currentTree │ ├── ansi-styles@2.2.1
74 silly currentTree │ ├── aproba@1.1.1
74 silly currentTree │ ├── are-we-there-yet@1.1.2
74 silly currentTree │ ├── asn1@0.2.3
74 silly currentTree │ ├── assert-plus@0.2.0
74 silly currentTree │ ├── asynckit@0.4.0
74 silly currentTree │ ├── aws-sign2@0.6.0
74 silly currentTree │ ├── aws4@1.6.0
74 silly currentTree │ ├── balanced-match@0.4.2
74 silly currentTree │ ├── bcrypt-pbkdf@1.0.1
74 silly currentTree │ ├── block-stream@0.0.9
74 silly currentTree │ ├── boom@2.10.1
74 silly currentTree │ ├── brace-expansion@1.1.6
74 silly currentTree │ ├── buffer-shims@1.0.0
74 silly currentTree │ ├── caseless@0.11.0
74 silly currentTree │ ├── chalk@1.1.3
74 silly currentTree │ ├── code-point-at@1.1.0
74 silly currentTree │ ├── combined-stream@1.0.5
74 silly currentTree │ ├── commander@2.9.0
74 silly currentTree │ ├── concat-map@0.0.1
74 silly currentTree │ ├── console-control-strings@1.1.0
74 silly currentTree │ ├── core-util-is@1.0.2
74 silly currentTree │ ├── cryptiles@2.0.5
74 silly currentTree │ ├─┬ dashdash@1.14.1
74 silly currentTree │ │ └── assert-plus@1.0.0
74 silly currentTree │ ├── debug@2.2.0
74 silly currentTree │ ├── deep-extend@0.4.1
74 silly currentTree │ ├── delayed-stream@1.0.0
74 silly currentTree │ ├── delegates@1.0.0
74 silly currentTree │ ├── ecc-jsbn@0.1.1
74 silly currentTree │ ├── escape-string-regexp@1.0.5
74 silly currentTree │ ├── extend@3.0.0
74 silly currentTree │ ├── extsprintf@1.0.2
74 silly currentTree │ ├── forever-agent@0.6.1
74 silly currentTree │ ├── form-data@2.1.2
74 silly currentTree │ ├── fs.realpath@1.0.0
74 silly currentTree │ ├── fstream-ignore@1.0.5
74 silly currentTree │ ├── fstream@1.0.10
74 silly currentTree │ ├── gauge@2.7.3
74 silly currentTree │ ├── generate-function@2.0.0
74 silly currentTree │ ├── generate-object-property@1.2.0
74 silly currentTree │ ├─┬ getpass@0.1.6
74 silly currentTree │ │ └── assert-plus@1.0.0
74 silly currentTree │ ├── glob@7.1.1
74 silly currentTree │ ├── graceful-fs@4.1.11
74 silly currentTree │ ├── graceful-readlink@1.0.1
74 silly currentTree │ ├── har-validator@2.0.6
74 silly currentTree │ ├── has-ansi@2.0.0
74 silly currentTree │ ├── has-unicode@2.0.1
74 silly currentTree │ ├── hawk@3.1.3
74 silly currentTree │ ├── hoek@2.16.3
74 silly currentTree │ ├── http-signature@1.1.1
74 silly currentTree │ ├── inflight@1.0.6
74 silly currentTree │ ├── inherits@2.0.3
74 silly currentTree │ ├── ini@1.3.4
74 silly currentTree │ ├── is-fullwidth-code-point@1.0.0
74 silly currentTree │ ├── is-my-json-valid@2.15.0
74 silly currentTree │ ├── is-property@1.0.2
74 silly currentTree │ ├── is-typedarray@1.0.0
74 silly currentTree │ ├── isarray@1.0.0
74 silly currentTree │ ├── isstream@0.1.2
74 silly currentTree │ ├── jodid25519@1.0.2
74 silly currentTree │ ├── jsbn@0.1.1
74 silly currentTree │ ├── json-schema@0.2.3
74 silly currentTree │ ├── json-stringify-safe@5.0.1
74 silly currentTree │ ├── jsonpointer@4.0.1
74 silly currentTree │ ├── jsprim@1.3.1
74 silly currentTree │ ├── mime-db@1.26.0
74 silly currentTree │ ├── mime-types@2.1.14
74 silly currentTree │ ├── minimatch@3.0.3
74 silly currentTree │ ├── minimist@0.0.8
74 silly currentTree │ ├── mkdirp@0.5.1
74 silly currentTree │ ├── ms@0.7.1
74 silly currentTree │ ├── node-pre-gyp@0.6.33
74 silly currentTree │ ├── nopt@3.0.6
74 silly currentTree │ ├── npmlog@4.0.2
74 silly currentTree │ ├── number-is-nan@1.0.1
74 silly currentTree │ ├── oauth-sign@0.8.2
74 silly currentTree │ ├── object-assign@4.1.1
74 silly currentTree │ ├── once@1.4.0
74 silly currentTree │ ├── path-is-absolute@1.0.1
74 silly currentTree │ ├── pinkie-promise@2.0.1
74 silly currentTree │ ├── pinkie@2.0.4
74 silly currentTree │ ├── process-nextick-args@1.0.7
74 silly currentTree │ ├── punycode@1.4.1
74 silly currentTree │ ├── qs@6.3.1
74 silly currentTree │ ├─┬ rc@1.1.7
74 silly currentTree │ │ └── minimist@1.2.0
74 silly currentTree │ ├── readable-stream@2.2.2
74 silly currentTree │ ├── request@2.79.0
74 silly currentTree │ ├── rimraf@2.5.4
74 silly currentTree │ ├── semver@5.3.0
74 silly currentTree │ ├── set-blocking@2.0.0
74 silly currentTree │ ├── signal-exit@3.0.2
74 silly currentTree │ ├── sntp@1.0.9
74 silly currentTree │ ├─┬ sshpk@1.10.2
74 silly currentTree │ │ └── assert-plus@1.0.0
74 silly currentTree │ ├── string_decoder@0.10.31
74 silly currentTree │ ├── string-width@1.0.2
74 silly currentTree │ ├── stringstream@0.0.5
74 silly currentTree │ ├── strip-ansi@3.0.1
74 silly currentTree │ ├── strip-json-comments@2.0.1
74 silly currentTree │ ├── supports-color@2.0.0
74 silly currentTree │ ├─┬ tar-pack@3.3.0
74 silly currentTree │ │ ├── once@1.3.3
74 silly currentTree │ │ └── readable-stream@2.1.5
74 silly currentTree │ ├── tar@2.2.1
74 silly currentTree │ ├── tough-cookie@2.3.2
74 silly currentTree │ ├── tunnel-agent@0.4.3
74 silly currentTree │ ├── tweetnacl@0.14.5
74 silly currentTree │ ├── uid-number@0.0.6
74 silly currentTree │ ├── util-deprecate@1.0.2
74 silly currentTree │ ├── uuid@3.0.1
74 silly currentTree │ ├── verror@1.3.6
74 silly currentTree │ ├── wide-align@1.1.0
74 silly currentTree │ ├── wrappy@1.0.2
74 silly currentTree │ └── xtend@4.0.1
74 silly currentTree ├── generic-pool@2.4.2
74 silly currentTree ├── glob-base@0.3.0
74 silly currentTree ├── glob-parent@2.0.0
74 silly currentTree ├─┬ got@3.3.1
74 silly currentTree │ └── object-assign@3.0.0
74 silly currentTree ├── graceful-fs@4.1.11
74 silly currentTree ├── has-ansi@2.0.0
74 silly currentTree ├── http-errors@1.6.1
74 silly currentTree ├── ignore-by-default@1.0.1
74 silly currentTree ├── imurmurhash@0.1.4
74 silly currentTree ├── infinity-agent@2.0.3
74 silly currentTree ├── inflection@1.12.0
74 silly currentTree ├── inherits@2.0.3
74 silly currentTree ├── ini@1.3.4
74 silly currentTree ├── ipaddr.js@1.3.0
74 silly currentTree ├── is-binary-path@1.0.1
74 silly currentTree ├── is-buffer@1.1.5
74 silly currentTree ├── is-dotfile@1.0.2
74 silly currentTree ├── is-equal-shallow@0.1.3
74 silly currentTree ├── is-extendable@0.1.1
74 silly currentTree ├── is-extglob@1.0.0
74 silly currentTree ├── is-finite@1.0.2
74 silly currentTree ├── is-glob@2.0.1
74 silly currentTree ├── is-npm@1.0.0
74 silly currentTree ├── is-number@2.1.0
74 silly currentTree ├── is-posix-bracket@0.1.1
74 silly currentTree ├── is-primitive@2.0.0
74 silly currentTree ├── is-redirect@1.0.0
74 silly currentTree ├── is-stream@1.1.0
74 silly currentTree ├── is-windows@1.0.0
74 silly currentTree ├── isarray@1.0.0
74 silly currentTree ├── isexe@2.0.0
74 silly currentTree ├── isobject@2.1.0
74 silly currentTree ├── kind-of@3.1.0
74 silly currentTree ├── latest-version@1.0.1
74 silly currentTree ├── lodash._baseassign@3.2.0
74 silly currentTree ├── lodash._basecopy@3.0.1
74 silly currentTree ├── lodash._bindcallback@3.0.1
74 silly currentTree ├── lodash._createassigner@3.1.1
74 silly currentTree ├── lodash._getnative@3.9.1
74 silly currentTree ├── lodash._isiterateecall@3.0.9
74 silly currentTree ├── lodash.assign@3.2.0
74 silly currentTree ├── lodash.defaults@3.1.2
74 silly currentTree ├── lodash.isarguments@3.1.0
74 silly currentTree ├── lodash.isarray@3.0.4
74 silly currentTree ├── lodash.keys@3.1.2
74 silly currentTree ├── lodash.restparam@3.6.1
74 silly currentTree ├── lodash@4.12.0
74 silly currentTree ├── lowercase-keys@1.0.0
74 silly currentTree ├── lru-cache@4.0.2
74 silly currentTree ├── map-stream@0.1.0
74 silly currentTree ├── media-typer@0.3.0
74 silly currentTree ├── merge-descriptors@1.0.1
74 silly currentTree ├── methods@1.1.2
74 silly currentTree ├── micromatch@2.3.11
74 silly currentTree ├── mime-db@1.27.0
74 silly currentTree ├── mime-types@2.1.15
74 silly currentTree ├── mime@1.3.4
74 silly currentTree ├── minimatch@3.0.3
74 silly currentTree ├── minimist@0.0.10
74 silly currentTree ├─┬ mkdirp@0.5.1
74 silly currentTree │ └── minimist@0.0.8
74 silly currentTree ├── moment-timezone@0.5.13
74 silly currentTree ├── moment@2.18.1
74 silly currentTree ├── ms@0.7.2
74 silly currentTree ├── nan@2.6.2
74 silly currentTree ├── negotiator@0.6.1
74 silly currentTree ├── nested-error-stacks@1.0.2
74 silly currentTree ├── nodemon@1.11.0
74 silly currentTree ├── nopt@1.0.10
74 silly currentTree ├── normalize-path@2.1.1
74 silly currentTree ├── number-is-nan@1.0.1
74 silly currentTree ├── object-assign@4.1.1
74 silly currentTree ├── object.omit@2.0.1
74 silly currentTree ├── on-finished@2.3.0
74 silly currentTree ├── once@1.3.3
74 silly currentTree ├── optimist@0.6.1
74 silly currentTree ├── os-homedir@1.0.2
74 silly currentTree ├── os-tmpdir@1.0.2
74 silly currentTree ├── osenv@0.1.4
74 silly currentTree ├── package-json@1.2.0
74 silly currentTree ├── parse-glob@3.0.4
74 silly currentTree ├── parseurl@1.3.1
74 silly currentTree ├── path-is-absolute@1.0.1
74 silly currentTree ├── path-to-regexp@0.1.7
74 silly currentTree ├── pause-stream@0.0.11
74 silly currentTree ├── pinkie-promise@2.0.1
74 silly currentTree ├── pinkie@2.0.4
74 silly currentTree ├── prepend-http@1.0.4
74 silly currentTree ├── preserve@0.2.0
74 silly currentTree ├── process-nextick-args@1.0.7
74 silly currentTree ├── proxy-addr@1.1.4
74 silly currentTree ├── ps-tree@1.1.0
74 silly currentTree ├── pseudomap@1.0.2
74 silly currentTree ├── qs@6.4.0
74 silly currentTree ├── randomatic@1.1.6
74 silly currentTree ├── range-parser@1.2.0
74 silly currentTree ├─┬ rc@1.2.1
74 silly currentTree │ └── minimist@1.2.0
74 silly currentTree ├── read-all-stream@3.1.0
74 silly currentTree ├── readable-stream@2.2.9
74 silly currentTree ├── readdirp@2.1.0
74 silly currentTree ├── regex-cache@0.4.3
74 silly currentTree ├── registry-url@3.1.0
74 silly currentTree ├── remove-trailing-separator@1.0.1
74 silly currentTree ├── repeat-element@1.1.2
74 silly currentTree ├── repeat-string@1.6.1
74 silly currentTree ├── repeating@1.1.3
74 silly currentTree ├── retry-as-promised@2.2.0
74 silly currentTree ├── semver-diff@2.1.0
74 silly currentTree ├── semver@5.3.0
74 silly currentTree ├── send@0.15.1
74 silly currentTree ├─┬ sequelize@3.30.4
74 silly currentTree │ └── uuid@3.0.1
74 silly currentTree ├── serve-static@1.12.1
74 silly currentTree ├── set-immediate-shim@1.0.1
74 silly currentTree ├── setprototypeof@1.0.3
74 silly currentTree ├── shebang-command@1.2.0
74 silly currentTree ├── shebang-regex@1.0.0
74 silly currentTree ├── shimmer@1.1.0
74 silly currentTree ├── slide@1.1.6
74 silly currentTree ├── source-map@0.1.34
74 silly currentTree ├── split@0.3.3
74 silly currentTree ├── statuses@1.3.1
74 silly currentTree ├── stream-combiner@0.0.4
74 silly currentTree ├── stream-shift@1.0.0
74 silly currentTree ├── string_decoder@1.0.0
74 silly currentTree ├── string-length@1.0.1
74 silly currentTree ├── strip-ansi@3.0.1
74 silly currentTree ├── strip-json-comments@2.0.1
74 silly currentTree ├── supports-color@2.0.0
74 silly currentTree ├── swig@1.4.2
74 silly currentTree ├── terraformer-wkt-parser@1.1.2
74 silly currentTree ├── terraformer@1.0.7
74 silly currentTree ├── through@2.3.8
74 silly currentTree ├── timed-out@2.0.0
74 silly currentTree ├── toposort-class@1.0.1
74 silly currentTree ├── touch@1.0.0
74 silly currentTree ├── type-is@1.6.15
74 silly currentTree ├── uglify-js@2.4.24
74 silly currentTree ├── uglify-to-browserify@1.0.2
74 silly currentTree ├── undefsafe@0.0.3
74 silly currentTree ├── unpipe@1.0.0
74 silly currentTree ├── update-notifier@0.5.0
74 silly currentTree ├── util-deprecate@1.0.2
74 silly currentTree ├── utils-merge@1.0.0
74 silly currentTree ├── uuid@2.0.3
74 silly currentTree ├── validator@5.7.0
74 silly currentTree ├── vary@1.1.1
74 silly currentTree ├── which@1.2.14
74 silly currentTree ├── window-size@0.1.0
74 silly currentTree ├── wkx@0.2.0
74 silly currentTree ├── wordwrap@0.0.3
74 silly currentTree ├── wrappy@1.0.2
74 silly currentTree ├── write-file-atomic@1.3.1
74 silly currentTree ├── xdg-basedir@2.0.0
74 silly currentTree ├── yallist@2.1.2
74 silly currentTree └─┬ yargs@3.5.4
74 silly currentTree   └── wordwrap@0.0.2
75 silly idealTree ethan@1.0.0
75 silly idealTree ├── abbrev@1.1.0
75 silly idealTree ├── accepts@1.3.3
75 silly idealTree ├── amdefine@1.0.1
75 silly idealTree ├── ansi-regex@2.1.1
75 silly idealTree ├── ansi-styles@2.2.1
75 silly idealTree ├── anymatch@1.3.0
75 silly idealTree ├── arr-diff@2.0.0
75 silly idealTree ├── arr-flatten@1.0.3
75 silly idealTree ├── array-flatten@1.1.1
75 silly idealTree ├── array-unique@0.2.1
75 silly idealTree ├── arrify@1.0.1
75 silly idealTree ├── async-each@1.0.1
75 silly idealTree ├── async@0.2.10
75 silly idealTree ├── balanced-match@0.4.2
75 silly idealTree ├── binary-extensions@1.8.0
75 silly idealTree ├── bluebird@3.5.0
75 silly idealTree ├── brace-expansion@1.1.7
75 silly idealTree ├── braces@1.8.5
75 silly idealTree ├── buffer-shims@1.0.0
75 silly idealTree ├── camelcase@1.2.1
75 silly idealTree ├── chalk@1.1.3
75 silly idealTree ├── chokidar@1.6.1
75 silly idealTree ├── concat-map@0.0.1
75 silly idealTree ├── configstore@1.4.0
75 silly idealTree ├── content-disposition@0.5.2
75 silly idealTree ├── content-type@1.0.2
75 silly idealTree ├── cookie-signature@1.0.6
75 silly idealTree ├── cookie@0.3.1
75 silly idealTree ├── core-util-is@1.0.2
75 silly idealTree ├── cross-env@3.2.4
75 silly idealTree ├── cross-spawn@5.1.0
75 silly idealTree ├── debug@2.6.1
75 silly idealTree ├── decamelize@1.2.0
75 silly idealTree ├── deep-extend@0.4.1
75 silly idealTree ├── depd@1.1.0
75 silly idealTree ├── destroy@1.0.4
75 silly idealTree ├── dottie@1.1.1
75 silly idealTree ├── duplexer@0.1.1
75 silly idealTree ├── duplexify@3.5.0
75 silly idealTree ├── ee-first@1.1.1
75 silly idealTree ├── encodeurl@1.0.1
75 silly idealTree ├── end-of-stream@1.0.0
75 silly idealTree ├── es6-promise@3.3.1
75 silly idealTree ├── escape-html@1.0.3
75 silly idealTree ├── escape-string-regexp@1.0.5
75 silly idealTree ├── etag@1.8.0
75 silly idealTree ├── event-stream@3.3.4
75 silly idealTree ├── expand-brackets@0.1.5
75 silly idealTree ├── expand-range@1.8.2
75 silly idealTree ├── express@4.15.2
75 silly idealTree ├── extglob@0.3.2
75 silly idealTree ├── filename-regex@2.0.0
75 silly idealTree ├── fill-range@2.2.3
75 silly idealTree ├─┬ finalhandler@1.0.1
75 silly idealTree │ └── debug@2.6.3
75 silly idealTree ├── for-in@1.0.2
75 silly idealTree ├── for-own@0.1.5
75 silly idealTree ├── forwarded@0.1.0
75 silly idealTree ├── fresh@0.5.0
75 silly idealTree ├── from@0.1.7
75 silly idealTree ├─┬ fsevents@1.1.1
75 silly idealTree │ ├── abbrev@1.1.0
75 silly idealTree │ ├── ansi-regex@2.1.1
75 silly idealTree │ ├── ansi-styles@2.2.1
75 silly idealTree │ ├── aproba@1.1.1
75 silly idealTree │ ├── are-we-there-yet@1.1.2
75 silly idealTree │ ├── asn1@0.2.3
75 silly idealTree │ ├── assert-plus@0.2.0
75 silly idealTree │ ├── asynckit@0.4.0
75 silly idealTree │ ├── aws-sign2@0.6.0
75 silly idealTree │ ├── aws4@1.6.0
75 silly idealTree │ ├── balanced-match@0.4.2
75 silly idealTree │ ├── bcrypt-pbkdf@1.0.1
75 silly idealTree │ ├── block-stream@0.0.9
75 silly idealTree │ ├── boom@2.10.1
75 silly idealTree │ ├── brace-expansion@1.1.6
75 silly idealTree │ ├── buffer-shims@1.0.0
75 silly idealTree │ ├── caseless@0.11.0
75 silly idealTree │ ├── chalk@1.1.3
75 silly idealTree │ ├── code-point-at@1.1.0
75 silly idealTree │ ├── combined-stream@1.0.5
75 silly idealTree │ ├── commander@2.9.0
75 silly idealTree │ ├── concat-map@0.0.1
75 silly idealTree │ ├── console-control-strings@1.1.0
75 silly idealTree │ ├── core-util-is@1.0.2
75 silly idealTree │ ├── cryptiles@2.0.5
75 silly idealTree │ ├─┬ dashdash@1.14.1
75 silly idealTree │ │ └── assert-plus@1.0.0
75 silly idealTree │ ├── debug@2.2.0
75 silly idealTree │ ├── deep-extend@0.4.1
75 silly idealTree │ ├── delayed-stream@1.0.0
75 silly idealTree │ ├── delegates@1.0.0
75 silly idealTree │ ├── ecc-jsbn@0.1.1
75 silly idealTree │ ├── escape-string-regexp@1.0.5
75 silly idealTree │ ├── extend@3.0.0
75 silly idealTree │ ├── extsprintf@1.0.2
75 silly idealTree │ ├── forever-agent@0.6.1
75 silly idealTree │ ├── form-data@2.1.2
75 silly idealTree │ ├── fs.realpath@1.0.0
75 silly idealTree │ ├── fstream-ignore@1.0.5
75 silly idealTree │ ├── fstream@1.0.10
75 silly idealTree │ ├── gauge@2.7.3
75 silly idealTree │ ├── generate-function@2.0.0
75 silly idealTree │ ├── generate-object-property@1.2.0
75 silly idealTree │ ├─┬ getpass@0.1.6
75 silly idealTree │ │ └── assert-plus@1.0.0
75 silly idealTree │ ├── glob@7.1.1
75 silly idealTree │ ├── graceful-fs@4.1.11
75 silly idealTree │ ├── graceful-readlink@1.0.1
75 silly idealTree │ ├── har-validator@2.0.6
75 silly idealTree │ ├── has-ansi@2.0.0
75 silly idealTree │ ├── has-unicode@2.0.1
75 silly idealTree │ ├── hawk@3.1.3
75 silly idealTree │ ├── hoek@2.16.3
75 silly idealTree │ ├── http-signature@1.1.1
75 silly idealTree │ ├── inflight@1.0.6
75 silly idealTree │ ├── inherits@2.0.3
75 silly idealTree │ ├── ini@1.3.4
75 silly idealTree │ ├── is-fullwidth-code-point@1.0.0
75 silly idealTree │ ├── is-my-json-valid@2.15.0
75 silly idealTree │ ├── is-property@1.0.2
75 silly idealTree │ ├── is-typedarray@1.0.0
75 silly idealTree │ ├── isarray@1.0.0
75 silly idealTree │ ├── isstream@0.1.2
75 silly idealTree │ ├── jodid25519@1.0.2
75 silly idealTree │ ├── jsbn@0.1.1
75 silly idealTree │ ├── json-schema@0.2.3
75 silly idealTree │ ├── json-stringify-safe@5.0.1
75 silly idealTree │ ├── jsonpointer@4.0.1
75 silly idealTree │ ├── jsprim@1.3.1
75 silly idealTree │ ├── mime-db@1.26.0
75 silly idealTree │ ├── mime-types@2.1.14
75 silly idealTree │ ├── minimatch@3.0.3
75 silly idealTree │ ├── minimist@0.0.8
75 silly idealTree │ ├── mkdirp@0.5.1
75 silly idealTree │ ├── ms@0.7.1
75 silly idealTree │ ├── node-pre-gyp@0.6.33
75 silly idealTree │ ├── nopt@3.0.6
75 silly idealTree │ ├── npmlog@4.0.2
75 silly idealTree │ ├── number-is-nan@1.0.1
75 silly idealTree │ ├── oauth-sign@0.8.2
75 silly idealTree │ ├── object-assign@4.1.1
75 silly idealTree │ ├── once@1.4.0
75 silly idealTree │ ├── path-is-absolute@1.0.1
75 silly idealTree │ ├── pinkie-promise@2.0.1
75 silly idealTree │ ├── pinkie@2.0.4
75 silly idealTree │ ├── process-nextick-args@1.0.7
75 silly idealTree │ ├── punycode@1.4.1
75 silly idealTree │ ├── qs@6.3.1
75 silly idealTree │ ├─┬ rc@1.1.7
75 silly idealTree │ │ └── minimist@1.2.0
75 silly idealTree │ ├── readable-stream@2.2.2
75 silly idealTree │ ├── request@2.79.0
75 silly idealTree │ ├── rimraf@2.5.4
75 silly idealTree │ ├── semver@5.3.0
75 silly idealTree │ ├── set-blocking@2.0.0
75 silly idealTree │ ├── signal-exit@3.0.2
75 silly idealTree │ ├── sntp@1.0.9
75 silly idealTree │ ├─┬ sshpk@1.10.2
75 silly idealTree │ │ └── assert-plus@1.0.0
75 silly idealTree │ ├── string_decoder@0.10.31
75 silly idealTree │ ├── string-width@1.0.2
75 silly idealTree │ ├── stringstream@0.0.5
75 silly idealTree │ ├── strip-ansi@3.0.1
75 silly idealTree │ ├── strip-json-comments@2.0.1
75 silly idealTree │ ├── supports-color@2.0.0
75 silly idealTree │ ├─┬ tar-pack@3.3.0
75 silly idealTree │ │ ├── once@1.3.3
75 silly idealTree │ │ └── readable-stream@2.1.5
75 silly idealTree │ ├── tar@2.2.1
75 silly idealTree │ ├── tough-cookie@2.3.2
75 silly idealTree │ ├── tunnel-agent@0.4.3
75 silly idealTree │ ├── tweetnacl@0.14.5
75 silly idealTree │ ├── uid-number@0.0.6
75 silly idealTree │ ├── util-deprecate@1.0.2
75 silly idealTree │ ├── uuid@3.0.1
75 silly idealTree │ ├── verror@1.3.6
75 silly idealTree │ ├── wide-align@1.1.0
75 silly idealTree │ ├── wrappy@1.0.2
75 silly idealTree │ └── xtend@4.0.1
75 silly idealTree ├── generic-pool@2.4.2
75 silly idealTree ├── glob-base@0.3.0
75 silly idealTree ├── glob-parent@2.0.0
75 silly idealTree ├─┬ got@3.3.1
75 silly idealTree │ └── object-assign@3.0.0
75 silly idealTree ├── graceful-fs@4.1.11
75 silly idealTree ├── has-ansi@2.0.0
75 silly idealTree ├── http-errors@1.6.1
75 silly idealTree ├── ignore-by-default@1.0.1
75 silly idealTree ├── imurmurhash@0.1.4
75 silly idealTree ├── infinity-agent@2.0.3
75 silly idealTree ├── inflection@1.12.0
75 silly idealTree ├── inherits@2.0.3
75 silly idealTree ├── ini@1.3.4
75 silly idealTree ├── ipaddr.js@1.3.0
75 silly idealTree ├── is-binary-path@1.0.1
75 silly idealTree ├── is-buffer@1.1.5
75 silly idealTree ├── is-dotfile@1.0.2
75 silly idealTree ├── is-equal-shallow@0.1.3
75 silly idealTree ├── is-extendable@0.1.1
75 silly idealTree ├── is-extglob@1.0.0
75 silly idealTree ├── is-finite@1.0.2
75 silly idealTree ├── is-glob@2.0.1
75 silly idealTree ├── is-npm@1.0.0
75 silly idealTree ├── is-number@2.1.0
75 silly idealTree ├── is-posix-bracket@0.1.1
75 silly idealTree ├── is-primitive@2.0.0
75 silly idealTree ├── is-redirect@1.0.0
75 silly idealTree ├── is-stream@1.1.0
75 silly idealTree ├── is-windows@1.0.0
75 silly idealTree ├── isarray@1.0.0
75 silly idealTree ├── isexe@2.0.0
75 silly idealTree ├── isobject@2.1.0
75 silly idealTree ├── kind-of@3.1.0
75 silly idealTree ├── latest-version@1.0.1
75 silly idealTree ├── lodash._baseassign@3.2.0
75 silly idealTree ├── lodash._basecopy@3.0.1
75 silly idealTree ├── lodash._bindcallback@3.0.1
75 silly idealTree ├── lodash._createassigner@3.1.1
75 silly idealTree ├── lodash._getnative@3.9.1
75 silly idealTree ├── lodash._isiterateecall@3.0.9
75 silly idealTree ├── lodash.assign@3.2.0
75 silly idealTree ├── lodash.defaults@3.1.2
75 silly idealTree ├── lodash.isarguments@3.1.0
75 silly idealTree ├── lodash.isarray@3.0.4
75 silly idealTree ├── lodash.keys@3.1.2
75 silly idealTree ├── lodash.restparam@3.6.1
75 silly idealTree ├── lodash@4.12.0
75 silly idealTree ├── lowercase-keys@1.0.0
75 silly idealTree ├── lru-cache@4.0.2
75 silly idealTree ├── map-stream@0.1.0
75 silly idealTree ├── media-typer@0.3.0
75 silly idealTree ├── merge-descriptors@1.0.1
75 silly idealTree ├── methods@1.1.2
75 silly idealTree ├── micromatch@2.3.11
75 silly idealTree ├── mime-db@1.27.0
75 silly idealTree ├── mime-types@2.1.15
75 silly idealTree ├── mime@1.3.4
75 silly idealTree ├── minimatch@3.0.3
75 silly idealTree ├── minimist@0.0.10
75 silly idealTree ├─┬ mkdirp@0.5.1
75 silly idealTree │ └── minimist@0.0.8
75 silly idealTree ├── moment-timezone@0.5.13
75 silly idealTree ├── moment@2.18.1
75 silly idealTree ├── ms@0.7.2
75 silly idealTree ├── nan@2.6.2
75 silly idealTree ├── negotiator@0.6.1
75 silly idealTree ├── nested-error-stacks@1.0.2
75 silly idealTree ├── nodemon@1.11.0
75 silly idealTree ├── nopt@1.0.10
75 silly idealTree ├── normalize-path@2.1.1
75 silly idealTree ├── number-is-nan@1.0.1
75 silly idealTree ├── object-assign@4.1.1
75 silly idealTree ├── object.omit@2.0.1
75 silly idealTree ├── on-finished@2.3.0
75 silly idealTree ├── once@1.3.3
75 silly idealTree ├── optimist@0.6.1
75 silly idealTree ├── os-homedir@1.0.2
75 silly idealTree ├── os-tmpdir@1.0.2
75 silly idealTree ├── osenv@0.1.4
75 silly idealTree ├── package-json@1.2.0
75 silly idealTree ├── parse-glob@3.0.4
75 silly idealTree ├── parseurl@1.3.1
75 silly idealTree ├── path-is-absolute@1.0.1
75 silly idealTree ├── path-to-regexp@0.1.7
75 silly idealTree ├── pause-stream@0.0.11
75 silly idealTree ├── pinkie-promise@2.0.1
75 silly idealTree ├── pinkie@2.0.4
75 silly idealTree ├── postgres@0.0.1
75 silly idealTree ├── prepend-http@1.0.4
75 silly idealTree ├── preserve@0.2.0
75 silly idealTree ├── process-nextick-args@1.0.7
75 silly idealTree ├── proxy-addr@1.1.4
75 silly idealTree ├── ps-tree@1.1.0
75 silly idealTree ├── pseudomap@1.0.2
75 silly idealTree ├── qs@6.4.0
75 silly idealTree ├── randomatic@1.1.6
75 silly idealTree ├── range-parser@1.2.0
75 silly idealTree ├─┬ rc@1.2.1
75 silly idealTree │ └── minimist@1.2.0
75 silly idealTree ├── read-all-stream@3.1.0
75 silly idealTree ├── readable-stream@2.2.9
75 silly idealTree ├── readdirp@2.1.0
75 silly idealTree ├── regex-cache@0.4.3
75 silly idealTree ├── registry-url@3.1.0
75 silly idealTree ├── remove-trailing-separator@1.0.1
75 silly idealTree ├── repeat-element@1.1.2
75 silly idealTree ├── repeat-string@1.6.1
75 silly idealTree ├── repeating@1.1.3
75 silly idealTree ├── retry-as-promised@2.2.0
75 silly idealTree ├── semver-diff@2.1.0
75 silly idealTree ├── semver@5.3.0
75 silly idealTree ├── send@0.15.1
75 silly idealTree ├─┬ sequelize@3.30.4
75 silly idealTree │ └── uuid@3.0.1
75 silly idealTree ├── serve-static@1.12.1
75 silly idealTree ├── set-immediate-shim@1.0.1
75 silly idealTree ├── setprototypeof@1.0.3
75 silly idealTree ├── shebang-command@1.2.0
75 silly idealTree ├── shebang-regex@1.0.0
75 silly idealTree ├── shimmer@1.1.0
75 silly idealTree ├── slide@1.1.6
75 silly idealTree ├── source-map@0.1.34
75 silly idealTree ├── split@0.3.3
75 silly idealTree ├── statuses@1.3.1
75 silly idealTree ├── stream-combiner@0.0.4
75 silly idealTree ├── stream-shift@1.0.0
75 silly idealTree ├── string_decoder@1.0.0
75 silly idealTree ├── string-length@1.0.1
75 silly idealTree ├── strip-ansi@3.0.1
75 silly idealTree ├── strip-json-comments@2.0.1
75 silly idealTree ├── supports-color@2.0.0
75 silly idealTree ├── swig@1.4.2
75 silly idealTree ├── terraformer-wkt-parser@1.1.2
75 silly idealTree ├── terraformer@1.0.7
75 silly idealTree ├── through@2.3.8
75 silly idealTree ├── timed-out@2.0.0
75 silly idealTree ├── toposort-class@1.0.1
75 silly idealTree ├── touch@1.0.0
75 silly idealTree ├── type-is@1.6.15
75 silly idealTree ├── uglify-js@2.4.24
75 silly idealTree ├── uglify-to-browserify@1.0.2
75 silly idealTree ├── undefsafe@0.0.3
75 silly idealTree ├── unpipe@1.0.0
75 silly idealTree ├── update-notifier@0.5.0
75 silly idealTree ├── util-deprecate@1.0.2
75 silly idealTree ├── utils-merge@1.0.0
75 silly idealTree ├── uuid@2.0.3
75 silly idealTree ├── validator@5.7.0
75 silly idealTree ├── vary@1.1.1
75 silly idealTree ├── which@1.2.14
75 silly idealTree ├── window-size@0.1.0
75 silly idealTree ├── wkx@0.2.0
75 silly idealTree ├── wordwrap@0.0.3
75 silly idealTree ├── wrappy@1.0.2
75 silly idealTree ├── write-file-atomic@1.3.1
75 silly idealTree ├── xdg-basedir@2.0.0
75 silly idealTree ├── yallist@2.1.2
75 silly idealTree └─┬ yargs@3.5.4
75 silly idealTree   └── wordwrap@0.0.2
76 silly generateActionsToTake Starting
77 silly install generateActionsToTake
78 silly generateActionsToTake Finishing
79 silly diffTrees action count 1
80 silly diffTrees add postgres@0.0.1
81 silly decomposeActions action count 8
82 silly decomposeActions fetch postgres@0.0.1
83 silly decomposeActions extract postgres@0.0.1
84 silly decomposeActions test postgres@0.0.1
85 silly decomposeActions preinstall postgres@0.0.1
86 silly decomposeActions build postgres@0.0.1
87 silly decomposeActions install postgres@0.0.1
88 silly decomposeActions postinstall postgres@0.0.1
89 silly decomposeActions finalize postgres@0.0.1
90 silly runTopLevelLifecycles Starting
91 silly executeActions Starting
92 silly install executeActions
93 silly doSerial global-install 0
94 silly doParallel fetch 1
95 verbose correctMkdir /Users/Ethan-Fairweather/.npm/_locks correctMkdir not in flight; initializing
96 verbose lock using /Users/Ethan-Fairweather/.npm/_locks/staging-31bac76b385e1dc2.lock for /Users/Ethan-Fairweather/swigxpress/node_modules/.staging
97 silly doParallel extract 1
98 silly extract postgres@0.0.1
99 verbose unbuild node_modules/.staging/postgres-37265528
100 silly gentlyRm /Users/Ethan-Fairweather/swigxpress/node_modules/.staging/postgres-37265528 is being purged from base /Users/Ethan-Fairweather/swigxpress
101 verbose gentlyRm don't care about contents; nuking /Users/Ethan-Fairweather/swigxpress/node_modules/.staging/postgres-37265528
102 verbose tar unpack /Users/Ethan-Fairweather/.npm/postgres/0.0.1/package.tgz
103 verbose tar unpacking to /Users/Ethan-Fairweather/swigxpress/node_modules/.staging/postgres-37265528
104 silly gentlyRm /Users/Ethan-Fairweather/swigxpress/node_modules/.staging/postgres-37265528 is being purged
105 verbose gentlyRm don't care about contents; nuking /Users/Ethan-Fairweather/swigxpress/node_modules/.staging/postgres-37265528
106 silly gunzTarPerm modes [ '755', '644' ]
107 silly gunzTarPerm extractEntry
108 silly gunzTarPerm extractEntry .gitignore
109 silly gunzTarPerm extractEntry ._.npmignore
110 silly gunzTarPerm extractEntry .npmignore
111 silly gunzTarPerm extractEntry binding.cc
112 silly gunzTarPerm extractEntry LICENSE-MIT
113 silly gunzTarPerm extractEntry ._package.json
114 silly gunzTarPerm extractEntry package.json
115 silly gunzTarPerm extractEntry postgres.js
116 silly gunzTarPerm extractEntry README
117 silly gunzTarPerm extractEntry test.js
118 silly gunzTarPerm extractEntry type-oids.h
119 silly gunzTarPerm extractEntry wscript
120 silly gentlyRm /Users/Ethan-Fairweather/swigxpress/node_modules/.staging/postgres-37265528/node_modules is being purged
121 verbose gentlyRm don't care about contents; nuking /Users/Ethan-Fairweather/swigxpress/node_modules/.staging/postgres-37265528/node_modules
122 silly doParallel preinstall 1
123 silly preinstall postgres@0.0.1
124 info lifecycle postgres@0.0.1~preinstall: postgres@0.0.1
125 silly lifecycle postgres@0.0.1~preinstall: no script for preinstall, continuing
126 silly doReverseSerial remove 0
127 silly doSerial move 0
128 silly doSerial finalize 1
129 silly finalize /Users/Ethan-Fairweather/swigxpress/node_modules/postgres
130 silly doSerial build 1
131 silly build postgres@0.0.1
132 info linkStuff postgres@0.0.1
133 silly linkStuff postgres@0.0.1 has /Users/Ethan-Fairweather/swigxpress/node_modules as its parent node_modules
134 verbose linkBins postgres@0.0.1
135 verbose linkMans postgres@0.0.1
136 silly doSerial global-link 0
137 silly doParallel update-linked 0
138 silly doSerial install 1
139 silly install postgres@0.0.1
140 info lifecycle postgres@0.0.1~install: postgres@0.0.1
141 verbose lifecycle postgres@0.0.1~install: unsafe-perm in lifecycle true
142 verbose lifecycle postgres@0.0.1~install: PATH: /Users/Ethan-Fairweather/.nvm/versions/node/v7.6.0/lib/node_modules/npm/bin/node-gyp-bin:/Users/Ethan-Fairweather/swigxpress/node_modules/postgres/node_modules/.bin:/Users/Ethan-Fairweather/swigxpress/node_modules/.bin:/Users/Ethan-Fairweather/.nvm/versions/node/v7.6.0/bin:/Library/Frameworks/Python.framework/Versions/2.7/bin:/usr/local/bin:/usr/bin:/bin:/usr/sbin:/sbin
143 verbose lifecycle postgres@0.0.1~install: CWD: /Users/Ethan-Fairweather/swigxpress/node_modules/postgres
144 silly lifecycle postgres@0.0.1~install: Args: [ '-c', 'node-waf configure build' ]
145 info lifecycle postgres@0.0.1~install: Failed to exec install script
146 verbose unlock done using /Users/Ethan-Fairweather/.npm/_locks/staging-31bac76b385e1dc2.lock for /Users/Ethan-Fairweather/swigxpress/node_modules/.staging
147 silly rollbackFailedOptional Starting
148 silly gentlyRm /Users/Ethan-Fairweather/swigxpress/node_modules/postgres is being purged from base /Users/Ethan-Fairweather/swigxpress
149 verbose gentlyRm don't care about contents; nuking /Users/Ethan-Fairweather/swigxpress/node_modules/postgres
150 silly gentlyRm /Users/Ethan-Fairweather/swigxpress/node_modules/postgres is being purged from base /Users/Ethan-Fairweather/swigxpress
151 verbose gentlyRm don't care about contents; nuking /Users/Ethan-Fairweather/swigxpress/node_modules/postgres
152 silly gentlyRm /Users/Ethan-Fairweather/swigxpress/node_modules/postgres is being purged from base /Users/Ethan-Fairweather/swigxpress
153 verbose gentlyRm don't care about contents; nuking /Users/Ethan-Fairweather/swigxpress/node_modules/postgres
154 silly gentlyRm /Users/Ethan-Fairweather/swigxpress/node_modules/postgres is being purged from base /Users/Ethan-Fairweather/swigxpress
155 verbose gentlyRm don't care about contents; nuking /Users/Ethan-Fairweather/swigxpress/node_modules/postgres
156 silly gentlyRm /Users/Ethan-Fairweather/swigxpress/node_modules/postgres is being purged from base /Users/Ethan-Fairweather/swigxpress
157 verbose gentlyRm don't care about contents; nuking /Users/Ethan-Fairweather/swigxpress/node_modules/postgres
158 silly gentlyRm /Users/Ethan-Fairweather/swigxpress/node_modules/postgres is being purged from base /Users/Ethan-Fairweather/swigxpress
159 verbose gentlyRm don't care about contents; nuking /Users/Ethan-Fairweather/swigxpress/node_modules/postgres
160 silly gentlyRm /Users/Ethan-Fairweather/swigxpress/node_modules/postgres is being purged from base /Users/Ethan-Fairweather/swigxpress
161 verbose gentlyRm don't care about contents; nuking /Users/Ethan-Fairweather/swigxpress/node_modules/postgres
162 silly gentlyRm /Users/Ethan-Fairweather/swigxpress/node_modules/postgres is being purged from base /Users/Ethan-Fairweather/swigxpress
163 verbose gentlyRm don't care about contents; nuking /Users/Ethan-Fairweather/swigxpress/node_modules/postgres
164 silly vacuum-fs purging /Users/Ethan-Fairweather/swigxpress/node_modules/postgres
165 silly vacuum-fs purging /Users/Ethan-Fairweather/swigxpress/node_modules/postgres
166 silly vacuum-fs purging /Users/Ethan-Fairweather/swigxpress/node_modules/postgres
167 silly vacuum-fs purging /Users/Ethan-Fairweather/swigxpress/node_modules/postgres
168 silly vacuum-fs purging /Users/Ethan-Fairweather/swigxpress/node_modules/postgres
169 silly vacuum-fs purging /Users/Ethan-Fairweather/swigxpress/node_modules/postgres
170 silly vacuum-fs purging /Users/Ethan-Fairweather/swigxpress/node_modules/postgres
171 silly vacuum-fs purging /Users/Ethan-Fairweather/swigxpress/node_modules/postgres
172 silly vacuum-fs quitting because other entries in /Users/Ethan-Fairweather/swigxpress/node_modules
173 silly vacuum-fs quitting because other entries in /Users/Ethan-Fairweather/swigxpress/node_modules
174 silly vacuum-fs quitting because other entries in /Users/Ethan-Fairweather/swigxpress/node_modules
175 silly vacuum-fs quitting because other entries in /Users/Ethan-Fairweather/swigxpress/node_modules
176 silly vacuum-fs quitting because other entries in /Users/Ethan-Fairweather/swigxpress/node_modules
177 silly vacuum-fs quitting because other entries in /Users/Ethan-Fairweather/swigxpress/node_modules
178 silly vacuum-fs quitting because other entries in /Users/Ethan-Fairweather/swigxpress/node_modules
179 silly vacuum-fs quitting because other entries in /Users/Ethan-Fairweather/swigxpress/node_modules
180 silly rollbackFailedOptional Finishing
181 silly runTopLevelLifecycles Finishing
182 silly install printInstalled
183 warn ethan@1.0.0 No repository field.
184 verbose If you need help, you may report this error at:
184 verbose     <https://github.com/npm/npm/issues>
185 verbose stack Error: postgres@0.0.1 install: `node-waf configure build`
185 verbose stack spawn ENOENT
185 verbose stack     at ChildProcess.<anonymous> (/Users/Ethan-Fairweather/.nvm/versions/node/v7.6.0/lib/node_modules/npm/lib/utils/spawn.js:33:16)
185 verbose stack     at emitTwo (events.js:106:13)
185 verbose stack     at ChildProcess.emit (events.js:192:7)
185 verbose stack     at maybeClose (internal/child_process.js:890:16)
185 verbose stack     at Process.ChildProcess._handle.onexit (internal/child_process.js:226:5)
186 verbose pkgid postgres@0.0.1
187 verbose cwd /Users/Ethan-Fairweather/swigxpress
188 error Darwin 16.5.0
189 error argv "/Users/Ethan-Fairweather/.nvm/versions/node/v7.6.0/bin/node" "/Users/Ethan-Fairweather/.nvm/versions/node/v7.6.0/bin/npm" "install" "--save" "postgres"
190 error node v7.6.0
191 error npm  v4.1.2
192 error file sh
193 error code ELIFECYCLE
194 error errno ENOENT
195 error syscall spawn
196 error postgres@0.0.1 install: `node-waf configure build`
196 error spawn ENOENT
197 error Failed at the postgres@0.0.1 install script 'node-waf configure build'.
197 error Make sure you have the latest version of node.js and npm installed.
197 error If you do, this is most likely a problem with the postgres package,
197 error not with npm itself.
197 error Tell the author that this fails on your system:
197 error     node-waf configure build
197 error You can get information on how to open an issue for this project with:
197 error     npm bugs postgres
197 error Or if that isn't available, you can get their info via:
197 error     npm owner ls postgres
197 error There is likely additional logging output above.
198 verbose exit [ 1, true ]
